> Task :common-objects:processResources UP-TO-DATE
> Task :bootBuildInfo
> Task :logging-utils:compileJava UP-TO-DATE
> Task :logging-utils:processResources UP-TO-DATE
> Task :logging-utils:classes UP-TO-DATE
> Task :logging-utils:jar UP-TO-DATE
> Task :common-objects:compileJava UP-TO-DATE
> Task :common-objects:classes UP-TO-DATE
> Task :common-objects:jar UP-TO-DATE
> Task :generateGitProperties UP-TO-DATE
> Task :compileJava UP-TO-DATE
> Task :processResources UP-TO-DATE
> Task :classes
> Task :resolveMainClassName

> Task :bootRun
Standard Commons Logging discovery in action with spring-jcl: please remove commons-logging.jar from classpath in order to avoid potential conflicts

  .   ____          _            __ _ _
 /\\ / ___'_ __ _ _(_)_ __  __ _ \ \ \ \
( ( )\___ | '_ | '_| | '_ \/ _` | \ \ \ \
 \\/  ___)| |_)| | | | | || (_| |  ) ) ) )
  '  |____| .__|_| |_|_| |_\__, | / / / /
 =========|_|==============|___/=/_/_/_/

 :: Spring Boot ::                (v3.5.5)

2025-09-18 13:08:33.841 [deviceId=] o.h.validator.internal.util.Version - 21 - <clinit> - HV000001: Hibernate Validator 8.0.3.Final [background-preinit]
                    INFO 
2025-09-18 13:08:33.885 [deviceId=] c.m.f.FaceScanServiceApplication - 53 - logStarting - Starting FaceScanServiceApplication using Java 21.0.7 with PID 42752 (C:\Medigo2.0\medgo2.0-api\services\face-scan-service\build\classes\java\main started by AshokkumarKadumurime in C:\Medigo2.0\medgo2.0-api\services\face-scan-service) [main]
                    INFO 
2025-09-18 13:08:33.891 [deviceId=] c.m.f.FaceScanServiceApplication - 658 - logStartupProfileInfo - The following 1 profile is active: "local" [main]
                    INFO 
2025-09-18 13:08:34.573 [deviceId=] o.s.d.r.c.RepositoryConfigurationDelegate - 145 - registerRepositoriesIn - Bootstrapping Spring Data JPA repositories in DEFAULT mode. [main]
                    INFO 
2025-09-18 13:08:34.736 [deviceId=] o.s.d.r.c.RepositoryConfigurationDelegate - 213 - registerRepositoriesIn - Finished Spring Data repository scanning in 151 ms. Found 9 JPA repository interfaces. [main]
                    INFO 
2025-09-18 13:08:34.738 [deviceId=] o.s.d.r.c.RepositoryConfigurationDelegate - 145 - registerRepositoriesIn - Bootstrapping Spring Data JPA repositories in DEFAULT mode. [main]
                    INFO 
2025-09-18 13:08:34.741 [deviceId=] o.s.d.r.c.RepositoryConfigurationDelegate - 213 - registerRepositoriesIn - Finished Spring Data repository scanning in 1 ms. Found 0 JPA repository interfaces. [main]
                    INFO 
2025-09-18 13:08:35.680 [deviceId=] o.s.b.w.e.tomcat.TomcatWebServer - 111 - initialize - Tomcat initialized with port 8083 (http) [main]
                    INFO 
2025-09-18 13:08:35.691 [deviceId=] o.a.coyote.http11.Http11NioProtocol - 168 - log - Initializing ProtocolHandler ["http-nio-8083"] [main]
                    INFO 
2025-09-18 13:08:35.694 [deviceId=] o.a.catalina.core.StandardService - 168 - log - Starting service [Tomcat] [main]
                    INFO 
2025-09-18 13:08:35.695 [deviceId=] o.a.catalina.core.StandardEngine - 168 - log - Starting Servlet engine: [Apache Tomcat/10.1.44] [main]
                    INFO 
2025-09-18 13:08:35.801 [deviceId=] o.a.c.c.C.[.[.[/face-scan-service] - 168 - log - Initializing Spring embedded WebApplicationContext [main]
                    INFO 
2025-09-18 13:08:35.803 [deviceId=] o.s.b.w.s.c.ServletWebServerApplicationContext - 301 - prepareWebApplicationContext - Root WebApplicationContext: initialization completed in 1875 ms [main]
                    INFO 
Standard Commons Logging discovery in action with spring-jcl: please remove commons-logging.jar from classpath in order to avoid potential conflicts
2025-09-18 13:08:35.985 [deviceId=] o.s.b.w.s.c.AnnotationConfigServletWebServerApplicationContext - 635 - refresh - Exception encountered during context initialization - cancelling refresh attempt: org.springframework.beans.factory.UnsatisfiedDependencyException: Error creating bean with name 'medigoEntityManagerFactory' defined in class path resource [com/medgo/facescan/config/MedigoDataSourceConfig.class]: Unsatisfied dependency expressed through method 'medigoEntityManagerFactory' parameter 0: No qualifying bean of type 'org.springframework.boot.orm.jpa.EntityManagerFactoryBuilder' available: expected at least 1 bean which qualifies as autowire candidate. Dependency annotations: {} [main]
                    WARN 
2025-09-18 13:08:35.988 [deviceId=] o.a.catalina.core.StandardService - 168 - log - Stopping service [Tomcat] [main]
                    INFO 
2025-09-18 13:08:36.068 [deviceId=] o.s.b.a.l.ConditionEvaluationReportLogger - 82 - logMessage - 

Error starting ApplicationContext. To display the condition evaluation report re-run your application with 'debug' enabled. [main]
                    INFO 
2025-09-18 13:08:36.091 [deviceId=] o.s.b.d.LoggingFailureAnalysisReporter - 40 - report - 

***************************
APPLICATION FAILED TO START
***************************

Description:

Parameter 0 of method medigoEntityManagerFactory in com.medgo.facescan.config.MedigoDataSourceConfig required a bean of type 'org.springframework.boot.orm.jpa.EntityManagerFactoryBuilder' that could not be found.


Action:

Consider defining a bean of type 'org.springframework.boot.orm.jpa.EntityManagerFactoryBuilder' in your configuration.
 [main]
                    ERROR

> Task :bootRun FAILED

Deprecated Gradle features were used in this build, making it incompatible with Gradle 9.0.

You can use '--warning-mode all' to show the individual deprecation warnings and determine if they come from your own scripts or plugins.

For more on this, please refer to https://docs.gradle.org/8.10.2/userguide/command_line_interface.html#sec:command_line_warnings in the Gradle documentation.
12 actionable tasks: 3 executed, 9 up-to-date
