Standard Commons Logging discovery in action with spring-jcl: please remove commons-logging.jar from classpath in order to avoid potential conflicts

  .   ____          _            __ _ _
 /\\ / ___'_ __ _ _(_)_ __  __ _ \ \ \ \
( ( )\___ | '_ | '_| | '_ \/ _` | \ \ \ \
 \\/  ___)| |_)| | | | | || (_| |  ) ) ) )
  '  |____| .__|_| |_|_| |_\__, | / / / /
 =========|_|==============|___/=/_/_/_/

 :: Spring Boot ::                (v3.5.5)

2025-09-18 13:01:47.033 [deviceId=] o.h.validator.internal.util.Version - 21 - <clinit> - HV000001: Hibernate Validator 8.0.3.Final [background-preinit]
                    INFO 
2025-09-18 13:01:47.113 [deviceId=] c.m.f.FaceScanServiceApplication - 53 - logStarting - Starting FaceScanServiceApplication v0.1.0 using Java 21.0.7 with PID 40508 (C:\Medigo2.0\medgo2.0-api\services\face-scan-service\build\libs\face-scan-service-0.1.0.jar started by AshokkumarKadumurime in C:\Medigo2.0\medgo2.0-api\services\face-scan-service) [main]
                    INFO 
2025-09-18 13:01:47.116 [deviceId=] c.m.f.FaceScanServiceApplication - 658 - logStartupProfileInfo - The following 1 profile is active: "local" [main]
                    INFO 
2025-09-18 13:01:48.005 [deviceId=] o.s.d.r.c.RepositoryConfigurationDelegate - 145 - registerRepositoriesIn - Bootstrapping Spring Data JPA repositories in DEFAULT mode. [main]
                    INFO 
2025-09-18 13:01:48.133 [deviceId=] o.s.d.r.c.RepositoryConfigurationDelegate - 213 - registerRepositoriesIn - Finished Spring Data repository scanning in 116 ms. Found 9 JPA repository interfaces. [main]
                    INFO 
2025-09-18 13:01:48.136 [deviceId=] o.s.d.r.c.RepositoryConfigurationDelegate - 145 - registerRepositoriesIn - Bootstrapping Spring Data JPA repositories in DEFAULT mode. [main]
                    INFO 
2025-09-18 13:01:48.141 [deviceId=] o.s.d.r.c.RepositoryConfigurationDelegate - 213 - registerRepositoriesIn - Finished Spring Data repository scanning in 1 ms. Found 0 JPA repository interfaces. [main]
                    INFO 
2025-09-18 13:01:49.721 [deviceId=] o.s.b.w.e.tomcat.TomcatWebServer - 111 - initialize - Tomcat initialized with port 8083 (http) [main]
                    INFO 
2025-09-18 13:01:49.734 [deviceId=] o.a.coyote.http11.Http11NioProtocol - 168 - log - Initializing ProtocolHandler ["http-nio-8083"] [main]
                    INFO 
2025-09-18 13:01:49.737 [deviceId=] o.a.catalina.core.StandardService - 168 - log - Starting service [Tomcat] [main]
                    INFO 
2025-09-18 13:01:49.738 [deviceId=] o.a.catalina.core.StandardEngine - 168 - log - Starting Servlet engine: [Apache Tomcat/10.1.44] [main]
                    INFO 
2025-09-18 13:01:49.775 [deviceId=] o.a.c.c.C.[.[.[/auth-service] - 168 - log - Initializing Spring embedded WebApplicationContext [main]
                    INFO 
2025-09-18 13:01:49.777 [deviceId=] o.s.b.w.s.c.ServletWebServerApplicationContext - 301 - prepareWebApplicationContext - Root WebApplicationContext: initialization completed in 2611 ms [main]
                    INFO 
Standard Commons Logging discovery in action with spring-jcl: please remove commons-logging.jar from classpath in order to avoid potential conflicts
2025-09-18 13:01:50.098 [deviceId=] o.s.b.w.s.c.AnnotationConfigServletWebServerApplicationContext - 635 - refresh - Exception encountered during context initialization - cancelling refresh attempt: org.springframework.beans.factory.UnsatisfiedDependencyException: Error creating bean with name 'medigoEntityManagerFactory' defined in class path resource [com/medgo/facescan/config/MedigoDataSourceConfig.class]: Unsatisfied dependency expressed through method 'medigoEntityManagerFactory' parameter 0: No qualifying bean of type 'org.springframework.boot.orm.jpa.EntityManagerFactoryBuilder' available: expected at least 1 bean which qualifies as autowire candidate. Dependency annotations: {} [main]
                    WARN 
2025-09-18 13:01:50.110 [deviceId=] o.a.catalina.core.StandardService - 168 - log - Stopping service [Tomcat] [main]
                    INFO 
2025-09-18 13:01:50.170 [deviceId=] o.s.b.a.l.ConditionEvaluationReportLogger - 82 - logMessage - 

Error starting ApplicationContext. To display the condition evaluation report re-run your application with 'debug' enabled. [main]
                    INFO 
2025-09-18 13:01:50.196 [deviceId=] o.s.b.d.LoggingFailureAnalysisReporter - 40 - report - 

***************************
APPLICATION FAILED TO START
***************************

Description:

Parameter 0 of method medigoEntityManagerFactory in com.medgo.facescan.config.MedigoDataSourceConfig required a bean of type 'org.springframework.boot.orm.jpa.EntityManagerFactoryBuilder' that could not be found.


Action:

Consider defining a bean of type 'org.springframework.boot.orm.jpa.EntityManagerFactoryBuilder' in your configuration.
 [main]
                    ERROR
